MD5 differential path textcollision solver
Copyright (C) 2024 Marc Stevens
http://homepages.cwi.nl/~stevens/

delta_m[5] = [!10!]
Q-3:	|........ ........ ........ ........|
Q-2:	|........ ........ ........ ........|
Q-1:	|........ ........ ........ ........|
Q0:	|........ ........ ........ ........| ok p=1
Q1:	|........ ........ ........ ........| ok p=1
Q2:	|........ ........ ........ ........| ok p=1
Q3:	|........ ........ ........ ........| ok p=1
Q4:	|........ .0...... ........ ........| ok p=1
Q5:	|........ ^0...... ........ ........| ok p=1
Q6:	|........ +-...... ........ ........| ok p=1
Q7:	|........ 0+...... ........ ........| ok p=1
Q8:	|........ 1+...... ........ ..1.0...| ok p=1
Q9:	|........ 0+...... ........ ..0^0...| ok p=1
Q10:	|.....1.. +-...... ........ ..+--...| ok p=1
Q11:	|.....0.. 01...... ........ ..11+.0.| ok p=1
Q12:	|!....+.1 100..00. ........ .01+-^0.| ok p=1
Q13:	|....1+.0 101^^11. ....0.0. .0110++.| ok p=1
Q14:	|....1+.+ -------. .0..1^0. .+0+-1+.| ok p=1
Q15:	|....+-.1 0+1010-! .0..+-+. .-+++++.| ok p=0.973633
Q16:	|0....0.1 -+00011. .+..0-.. .0110.1.| ok p=0.943359
Q17:	|0...^-.. 01....1. .1..-+^. .0001^0.| ok p=0.558594
Q18:	|-....1.. +0..0... .+...-.. ........| ok p=0.456055
Q19:	|0....0.. ........ .-..^-.. .......0| ok p=0.276367
Q20:	|+..0...0 ^...+... .1...0.. .......1| ok p=0.481445
Q21:	|...1...1 ....+... .0...1.. .......-| ok p=0.883789
Q22:	|^..+...+ ....-... ........ ........| ok p=0.943359
Q23:	|........ ....-... ........ ..0....^| ok p=0.523438
Q24:	|...^...^ ....1... ........ ..1...0.| ok p=1
Q25:	|........ ....0... ........ ..-...1.| ok p=0.94043
Q26:	|........ ........ ........ ......+.| ok p=0.999023
Q27:	|........ ........ .....0.. ..^.....| ok p=1
Q28:	|........ ........ .....1.. ......^.| ok p=1
Q29:	|........ ........ .....-.. ........| ok p=1
Q30:	|........ ........ ........ ........| ok p=1
Q31:	|........ ........ .....^.. ........| ok p=1
Q32:	|........ ........ ........ ........| ok p=1
Q33:	|........ ........ ........ ........| ok p=1
Q34:	|........ ........ ........ ........| ok p=1
Q35:	|........ ........ ........ ........| ok p=1
Q36:	|........ ........ ........ ........| ok p=1
Q37:	|........ ........ ........ ........| ok p=1
Q38:	|........ ........ ........ ........| ok p=1
Q39:	|........ ........ ........ ........| ok p=1
Q40:	|........ ........ ........ ........| ok p=1
Q41:	|........ ........ ........ ........| ok p=1
Q42:	|........ ........ ........ ........| ok p=1
Q43:	|........ ........ ........ ........| ok p=1
Q44:	|........ ........ ........ ........| ok p=1
Q45:	|........ ........ ........ ........| ok p=1
Q46:	|........ ........ ........ ........| ok p=1
Q47:	|........ ........ ........ ........| ok p=1
Q48:	|........ ........ ........ ........| ok p=1
Q49:	|........ ........ ........ ........| ok p=1
Q50:	|0....... ........ ........ ........| ok p=1
Q51:	|1....... ........ ........ ........| ok p=0.476562
Q52:	|+....... ........ ........ ........| ok p=1
Q53:	|+....... ........ ........ ........| ok p=1
Q54:	|-....... ........ ........ ........| ok p=1
Q55:	|+....... ........ ........ ........| ok p=1
Q56:	|-....... ........ ........ ........| ok p=1
Q57:	|+....... ........ ........ ........| ok p=1
Q58:	|-....... ........ ........ ........| ok p=1
Q59:	|+....... ........ ........ ........| ok p=1
Q60:	|-....... ........ ........ ........| ok p=1
Q61:	|+....... ........ ........ ........| ok p=1
Q62:	|-....... ........ ........ ........| ok p=1
Q63:	|+....... ........ ........ ........| ok p=1
Q64:	|+....... ........ ........ ........|
IHV1   = 0123456789abcdeffedcba9876543210

======
Generate Q13-Q17,m1:
0%   10   20   30   40   50   60   70   80   90   100%
|----|----|----|----|----|----|----|----|----|----|
***************************************************
Generate Q13-Q17,m1: attempts: 2^32.4275 success rate: 2^-11.4275

======
Step 15: (Q12,m15):
0%   10   20   30   40   50   60   70   80   90   100%
|----|----|----|----|----|----|----|----|----|----|
***************************************************
Step 15: attempts: 2^27.8737, success rate: 2^-6.87367

======
Step 14: (Q11,m14):
0%   10   20   30   40   50   60   70   80   90   100%
|----|----|----|----|----|----|----|----|----|----|
***************************************************
Step 14: attempts: 2^27.4974, success rate: 2^-6.4974

======
Step 13: (Q10,m13):
0%   10   20   30   40   50   60   70   80   90   100%
|----|----|----|----|----|----|----|----|----|----|
***************************************************
Step 13: attempts: 2^30.001, success rate: 2^-9.00095

======
Step 12: (Q9,m12):
0%   10   20   30   40   50   60   70   80   90   100%
|----|----|----|----|----|----|----|----|----|----|
***************************************************
Step 12: attempts: 2^25.1336, success rate: 2^-4.13364

======
Step 17: (Q18,m6):
0%   10   20   30   40   50   60   70   80   90   100%
|----|----|----|----|----|----|----|----|----|----|
***************************************************
Step 17: attempts: 2^28.6952, success rate: 2^-7.69516

======
Step: (m11,Q8,Q19):
0%   10   20   30   40   50   60   70   80   90   100%
|----|----|----|----|----|----|----|----|----|----|
***********